[2026-07-01T03:59:34.959Z] GET file:///Users/alexryu/healing-with-zen/index.html → 200 (7ms, 69510B)
[2026-07-01T03:59:34.977Z] GET https://fonts.googleapis.com/css2?family=Fraunces:ital,opsz,wght@0,9..144,300..900;1,9..144,300..900&family=Instrument+Sans:wght@400;500;600&family=Space+Mono:wght@400;700&display=swap → pending (?ms, ?B)
[2026-07-01T03:59:34.977Z] GET https://cdnjs.cloudflare.com/ajax/libs/gsap/3.12.5/gsap.min.js → pending (?ms, ?B)
[2026-07-01T03:59:34.977Z] GET https://cdnjs.cloudflare.com/ajax/libs/gsap/3.12.5/ScrollTrigger.min.js → pending (?ms, ?B)
[2026-07-01T03:59:34.977Z] GET https://cdn.jsdelivr.net/npm/@studio-freight/lenis@1.0.42/dist/lenis.min.js → pending (?ms, ?B)
[2026-07-01T03:59:35.255Z] GET https://fonts.gstatic.com/s/instrumentsans/v4/pxiTypc9vsFDm051Uf6KVwgkfoSxQ0GsQv8ToedPibnr0SZe1ZuWi3g.woff2 → 200 (450ms, 29904B)
[2026-07-01T03:59:35.255Z] GET https://fonts.gstatic.com/s/fraunces/v38/6NU78FyLNQOQZAnv9bYEvDiIdE9Ea92uemAk_WBq8U_9v0c2Wa0KxC9TeP2Xz5c.woff2 → 200 (489ms, 67388B)
[2026-07-01T03:59:35.255Z] GET https://fonts.gstatic.com/s/spacemono/v17/i7dPIFZifjKcF5UAWdDRYEF8RXi4EwQ.woff2 → 200 (462ms, 9464B)
[2026-07-01T03:59:35.255Z] GET https://fonts.gstatic.com/s/spacemono/v17/i7dMIFZifjKcF5UAWdDRaPpZUFWaHi6WZ3Q.woff2 → 200 (436ms, 9552B)
[2026-07-01T03:59:35.255Z] GET https://fonts.gstatic.com/s/fraunces/v38/6NU58FyLNQOQZAnv9ZwNjucMHVn85Ni7emAe9lKqZTnbB-gzTK0K1ChjeveQ7ZXk8g.woff2 → 200 (473ms, 81704B)
[2026-07-01T04:03:56.380Z] GET file:///Users/alexryu/healing-with-zen/index.html → 200 (?ms, 69510B)
[2026-07-01T04:03:56.384Z] GET https://fonts.googleapis.com/css2?family=Fraunces:ital,opsz,wght@0,9..144,300..900;1,9..144,300..900&family=Instrument+Sans:wght@400;500;600&family=Space+Mono:wght@400;700&display=swap → 200 (1ms, 8248B)
[2026-07-01T04:03:56.384Z] GET https://cdnjs.cloudflare.com/ajax/libs/gsap/3.12.5/gsap.min.js → 200 (3ms, 72214B)
[2026-07-01T04:03:56.384Z] GET https://cdnjs.cloudflare.com/ajax/libs/gsap/3.12.5/ScrollTrigger.min.js → 200 (3ms, 43380B)
[2026-07-01T04:03:56.384Z] GET https://cdn.jsdelivr.net/npm/@studio-freight/lenis@1.0.42/dist/lenis.min.js → 200 (2ms, 11635B)
[2026-07-01T04:03:56.398Z] GET https://fonts.gstatic.com/s/instrumentsans/v4/pxiTypc9vsFDm051Uf6KVwgkfoSxQ0GsQv8ToedPibnr0SZe1ZuWi3g.woff2 → 200 (?ms, ?B)
[2026-07-01T04:03:56.398Z] GET https://fonts.gstatic.com/s/fraunces/v38/6NU78FyLNQOQZAnv9bYEvDiIdE9Ea92uemAk_WBq8U_9v0c2Wa0KxC9TeP2Xz5c.woff2 → 200 (1ms, ?B)
[2026-07-01T04:03:56.398Z] GET https://fonts.gstatic.com/s/spacemono/v17/i7dPIFZifjKcF5UAWdDRYEF8RXi4EwQ.woff2 → 200 (?ms, ?B)
[2026-07-01T04:03:56.398Z] GET https://fonts.gstatic.com/s/spacemono/v17/i7dMIFZifjKcF5UAWdDRaPpZUFWaHi6WZ3Q.woff2 → 200 (1ms, ?B)
[2026-07-01T04:03:56.398Z] GET https://fonts.gstatic.com/s/fraunces/v38/6NU58FyLNQOQZAnv9ZwNjucMHVn85Ni7emAe9lKqZTnbB-gzTK0K1ChjeveQ7ZXk8g.woff2 → 200 (1ms, ?B)
[2026-07-01T04:06:11.708Z] GET file:///Users/alexryu/healing-with-zen/index.html → 200 (1ms, 69692B)
[2026-07-01T04:06:11.712Z] GET https://fonts.googleapis.com/css2?family=Fraunces:ital,opsz,wght@0,9..144,300..900;1,9..144,300..900&family=Instrument+Sans:wght@400;500;600&family=Space+Mono:wght@400;700&display=swap → 200 (1ms, 8248B)
[2026-07-01T04:06:11.712Z] GET https://cdnjs.cloudflare.com/ajax/libs/gsap/3.12.5/gsap.min.js → 200 (3ms, 72214B)
[2026-07-01T04:06:11.712Z] GET https://cdnjs.cloudflare.com/ajax/libs/gsap/3.12.5/ScrollTrigger.min.js → 200 (3ms, 43380B)
[2026-07-01T04:06:11.712Z] GET https://cdn.jsdelivr.net/npm/@studio-freight/lenis@1.0.42/dist/lenis.min.js → 200 (3ms, 11635B)
[2026-07-01T04:06:11.724Z] GET https://fonts.gstatic.com/s/instrumentsans/v4/pxiTypc9vsFDm051Uf6KVwgkfoSxQ0GsQv8ToedPibnr0SZe1ZuWi3g.woff2 → 200 (2ms, 29904B)
[2026-07-01T04:06:11.724Z] GET https://fonts.gstatic.com/s/fraunces/v38/6NU78FyLNQOQZAnv9bYEvDiIdE9Ea92uemAk_WBq8U_9v0c2Wa0KxC9TeP2Xz5c.woff2 → 200 (3ms, 67388B)
[2026-07-01T04:06:11.724Z] GET https://fonts.gstatic.com/s/spacemono/v17/i7dPIFZifjKcF5UAWdDRYEF8RXi4EwQ.woff2 → 200 (3ms, 9464B)
[2026-07-01T04:06:11.724Z] GET https://fonts.gstatic.com/s/spacemono/v17/i7dMIFZifjKcF5UAWdDRaPpZUFWaHi6WZ3Q.woff2 → 200 (3ms, 9552B)
[2026-07-01T04:06:11.724Z] GET https://fonts.gstatic.com/s/fraunces/v38/6NU58FyLNQOQZAnv9ZwNjucMHVn85Ni7emAe9lKqZTnbB-gzTK0K1ChjeveQ7ZXk8g.woff2 → 200 (3ms, 81704B)
[2026-07-01T04:09:00.357Z] GET file:///Users/alexryu/healing-with-zen/index.html → 200 (?ms, 69873B)
[2026-07-01T04:09:00.361Z] GET https://fonts.googleapis.com/css2?family=Fraunces:ital,opsz,wght@0,9..144,300..900;1,9..144,300..900&family=Instrument+Sans:wght@400;500;600&family=Space+Mono:wght@400;700&display=swap → 200 (1ms, 8248B)
[2026-07-01T04:09:00.361Z] GET https://cdnjs.cloudflare.com/ajax/libs/gsap/3.12.5/gsap.min.js → 200 (2ms, 72214B)
[2026-07-01T04:09:00.361Z] GET https://cdnjs.cloudflare.com/ajax/libs/gsap/3.12.5/ScrollTrigger.min.js → 200 (2ms, 43380B)
[2026-07-01T04:09:00.361Z] GET https://cdn.jsdelivr.net/npm/@studio-freight/lenis@1.0.42/dist/lenis.min.js → 200 (2ms, 11635B)
[2026-07-01T04:09:00.384Z] GET https://fonts.gstatic.com/s/instrumentsans/v4/pxiTypc9vsFDm051Uf6KVwgkfoSxQ0GsQv8ToedPibnr0SZe1ZuWi3g.woff2 → 200 (1ms, 29904B)
[2026-07-01T04:09:00.384Z] GET https://fonts.gstatic.com/s/fraunces/v38/6NU78FyLNQOQZAnv9bYEvDiIdE9Ea92uemAk_WBq8U_9v0c2Wa0KxC9TeP2Xz5c.woff2 → 200 (1ms, 67388B)
[2026-07-01T04:09:00.384Z] GET https://fonts.gstatic.com/s/spacemono/v17/i7dPIFZifjKcF5UAWdDRYEF8RXi4EwQ.woff2 → 200 (1ms, 9464B)
[2026-07-01T04:09:00.384Z] GET https://fonts.gstatic.com/s/spacemono/v17/i7dMIFZifjKcF5UAWdDRaPpZUFWaHi6WZ3Q.woff2 → 200 (1ms, 9552B)
[2026-07-01T04:09:00.384Z] GET https://fonts.gstatic.com/s/fraunces/v38/6NU58FyLNQOQZAnv9ZwNjucMHVn85Ni7emAe9lKqZTnbB-gzTK0K1ChjeveQ7ZXk8g.woff2 → 200 (1ms, 81704B)
[2026-07-01T04:13:08.030Z] GET file:///Users/alexryu/healing-with-zen/index.html → 200 (5ms, 69921B)
[2026-07-01T04:13:08.080Z] GET https://fonts.googleapis.com/css2?family=Fraunces:ital,opsz,wght@0,9..144,300..900;1,9..144,300..900&family=Instrument+Sans:wght@400;500;600&family=Space+Mono:wght@400;700&display=swap → 200 (40ms, 8248B)
[2026-07-01T04:13:08.080Z] GET https://cdnjs.cloudflare.com/ajax/libs/gsap/3.12.5/gsap.min.js → 200 (46ms, 72214B)
[2026-07-01T04:13:08.080Z] GET https://cdnjs.cloudflare.com/ajax/libs/gsap/3.12.5/ScrollTrigger.min.js → 200 (41ms, 43380B)
[2026-07-01T04:13:08.080Z] GET https://cdn.jsdelivr.net/npm/@studio-freight/lenis@1.0.42/dist/lenis.min.js → 200 (40ms, 11635B)
[2026-07-01T04:13:08.157Z] GET https://fonts.gstatic.com/s/instrumentsans/v4/pxiTypc9vsFDm051Uf6KVwgkfoSxQ0GsQv8ToedPibnr0SZe1ZuWi3g.woff2 → 200 (4ms, 29904B)
[2026-07-01T04:13:08.157Z] GET https://fonts.gstatic.com/s/fraunces/v38/6NU78FyLNQOQZAnv9bYEvDiIdE9Ea92uemAk_WBq8U_9v0c2Wa0KxC9TeP2Xz5c.woff2 → 200 (4ms, 67388B)
[2026-07-01T04:13:08.157Z] GET https://fonts.gstatic.com/s/spacemono/v17/i7dPIFZifjKcF5UAWdDRYEF8RXi4EwQ.woff2 → 200 (3ms, 9464B)
[2026-07-01T04:13:08.157Z] GET https://fonts.gstatic.com/s/spacemono/v17/i7dMIFZifjKcF5UAWdDRaPpZUFWaHi6WZ3Q.woff2 → 200 (3ms, 9552B)
[2026-07-01T04:13:08.159Z] GET https://fonts.gstatic.com/s/fraunces/v38/6NU58FyLNQOQZAnv9ZwNjucMHVn85Ni7emAe9lKqZTnbB-gzTK0K1ChjeveQ7ZXk8g.woff2 → 200 (2ms, 81704B)
[2026-07-01T04:18:24.867Z] GET file:///Users/alexryu/healing-with-zen/index.html → 200 (14ms, 69921B)
[2026-07-01T04:18:24.907Z] GET https://fonts.googleapis.com/css2?family=Fraunces:ital,opsz,wght@0,9..144,300..900;1,9..144,300..900&family=Instrument+Sans:wght@400;500;600&family=Space+Mono:wght@400;700&display=swap → 200 (7ms, 8248B)
[2026-07-01T04:18:24.907Z] GET https://cdnjs.cloudflare.com/ajax/libs/gsap/3.12.5/gsap.min.js → 200 (11ms, 72214B)
[2026-07-01T04:18:24.907Z] GET https://cdnjs.cloudflare.com/ajax/libs/gsap/3.12.5/ScrollTrigger.min.js → 200 (8ms, 43380B)
[2026-07-01T04:18:24.907Z] GET https://cdn.jsdelivr.net/npm/@studio-freight/lenis@1.0.42/dist/lenis.min.js → 200 (7ms, 11635B)
[2026-07-01T04:18:24.945Z] GET https://fonts.gstatic.com/s/instrumentsans/v4/pxiTypc9vsFDm051Uf6KVwgkfoSxQ0GsQv8ToedPibnr0SZe1ZuWi3g.woff2 → 200 (2ms, 29904B)
[2026-07-01T04:18:24.945Z] GET https://fonts.gstatic.com/s/fraunces/v38/6NU78FyLNQOQZAnv9bYEvDiIdE9Ea92uemAk_WBq8U_9v0c2Wa0KxC9TeP2Xz5c.woff2 → 200 (5ms, 67388B)
[2026-07-01T04:18:24.946Z] GET https://fonts.gstatic.com/s/spacemono/v17/i7dPIFZifjKcF5UAWdDRYEF8RXi4EwQ.woff2 → 200 (?ms, 9464B)
[2026-07-01T04:18:24.946Z] GET https://fonts.gstatic.com/s/spacemono/v17/i7dMIFZifjKcF5UAWdDRaPpZUFWaHi6WZ3Q.woff2 → 200 (1ms, 9552B)
[2026-07-01T04:18:24.946Z] GET https://fonts.gstatic.com/s/fraunces/v38/6NU58FyLNQOQZAnv9ZwNjucMHVn85Ni7emAe9lKqZTnbB-gzTK0K1ChjeveQ7ZXk8g.woff2 → 200 (1ms, 81704B)
[2026-07-01T04:20:30.608Z] GET file:///Users/alexryu/healing-with-zen/index.html → 200 (?ms, 70026B)
[2026-07-01T04:20:30.612Z] GET https://fonts.googleapis.com/css2?family=Fraunces:ital,opsz,wght@0,9..144,300..900;1,9..144,300..900&family=Instrument+Sans:wght@400;500;600&family=Space+Mono:wght@400;700&display=swap → 200 (1ms, 8248B)
[2026-07-01T04:20:30.612Z] GET https://cdnjs.cloudflare.com/ajax/libs/gsap/3.12.5/gsap.min.js → 200 (2ms, 72214B)
[2026-07-01T04:20:30.612Z] GET https://cdnjs.cloudflare.com/ajax/libs/gsap/3.12.5/ScrollTrigger.min.js → 200 (1ms, 43380B)
[2026-07-01T04:20:30.612Z] GET https://cdn.jsdelivr.net/npm/@studio-freight/lenis@1.0.42/dist/lenis.min.js → 200 (1ms, 11635B)
[2026-07-01T04:20:30.636Z] GET https://fonts.gstatic.com/s/instrumentsans/v4/pxiTypc9vsFDm051Uf6KVwgkfoSxQ0GsQv8ToedPibnr0SZe1ZuWi3g.woff2 → 200 (1ms, 29904B)
[2026-07-01T04:20:30.636Z] GET https://fonts.gstatic.com/s/fraunces/v38/6NU78FyLNQOQZAnv9bYEvDiIdE9Ea92uemAk_WBq8U_9v0c2Wa0KxC9TeP2Xz5c.woff2 → 200 (1ms, 67388B)
[2026-07-01T04:20:30.636Z] GET https://fonts.gstatic.com/s/spacemono/v17/i7dPIFZifjKcF5UAWdDRYEF8RXi4EwQ.woff2 → 200 (1ms, 9464B)
[2026-07-01T04:20:30.636Z] GET https://fonts.gstatic.com/s/spacemono/v17/i7dMIFZifjKcF5UAWdDRaPpZUFWaHi6WZ3Q.woff2 → 200 (1ms, 9552B)
[2026-07-01T04:20:30.636Z] GET https://fonts.gstatic.com/s/fraunces/v38/6NU58FyLNQOQZAnv9ZwNjucMHVn85Ni7emAe9lKqZTnbB-gzTK0K1ChjeveQ7ZXk8g.woff2 → 200 (1ms, 81704B)
[2026-07-01T04:20:48.172Z] GET file:///Users/alexryu/healing-with-zen/index.html → 200 (1ms, 70026B)
[2026-07-01T04:20:48.175Z] GET https://fonts.googleapis.com/css2?family=Fraunces:ital,opsz,wght@0,9..144,300..900;1,9..144,300..900&family=Instrument+Sans:wght@400;500;600&family=Space+Mono:wght@400;700&display=swap → 200 (1ms, 8248B)
[2026-07-01T04:20:48.175Z] GET https://cdnjs.cloudflare.com/ajax/libs/gsap/3.12.5/gsap.min.js → 200 (3ms, 72214B)
[2026-07-01T04:20:48.175Z] GET https://cdnjs.cloudflare.com/ajax/libs/gsap/3.12.5/ScrollTrigger.min.js → 200 (3ms, 43380B)
[2026-07-01T04:20:48.175Z] GET https://cdn.jsdelivr.net/npm/@studio-freight/lenis@1.0.42/dist/lenis.min.js → 200 (2ms, 11635B)
[2026-07-01T04:20:48.188Z] GET https://fonts.gstatic.com/s/instrumentsans/v4/pxiTypc9vsFDm051Uf6KVwgkfoSxQ0GsQv8ToedPibnr0SZe1ZuWi3g.woff2 → 200 (1ms, 29904B)
[2026-07-01T04:20:48.189Z] GET https://fonts.gstatic.com/s/fraunces/v38/6NU78FyLNQOQZAnv9bYEvDiIdE9Ea92uemAk_WBq8U_9v0c2Wa0KxC9TeP2Xz5c.woff2 → 200 (?ms, 67388B)
[2026-07-01T04:20:48.189Z] GET https://fonts.gstatic.com/s/spacemono/v17/i7dPIFZifjKcF5UAWdDRYEF8RXi4EwQ.woff2 → 200 (?ms, 9464B)
[2026-07-01T04:20:48.189Z] GET https://fonts.gstatic.com/s/spacemono/v17/i7dMIFZifjKcF5UAWdDRaPpZUFWaHi6WZ3Q.woff2 → 200 (?ms, 9552B)
[2026-07-01T04:20:48.189Z] GET https://fonts.gstatic.com/s/fraunces/v38/6NU58FyLNQOQZAnv9ZwNjucMHVn85Ni7emAe9lKqZTnbB-gzTK0K1ChjeveQ7ZXk8g.woff2 → 200 (?ms, 81704B)
[2026-07-01T04:21:39.003Z] GET file:///Users/alexryu/healing-with-zen/index.html → 200 (1ms, 70026B)
[2026-07-01T04:21:39.007Z] GET https://fonts.googleapis.com/css2?family=Fraunces:ital,opsz,wght@0,9..144,300..900;1,9..144,300..900&family=Instrument+Sans:wght@400;500;600&family=Space+Mono:wght@400;700&display=swap → 200 (?ms, 8248B)
[2026-07-01T04:21:39.007Z] GET https://cdnjs.cloudflare.com/ajax/libs/gsap/3.12.5/gsap.min.js → 200 (3ms, 72214B)
[2026-07-01T04:21:39.007Z] GET https://cdnjs.cloudflare.com/ajax/libs/gsap/3.12.5/ScrollTrigger.min.js → 200 (3ms, 43380B)
[2026-07-01T04:21:39.007Z] GET https://cdn.jsdelivr.net/npm/@studio-freight/lenis@1.0.42/dist/lenis.min.js → 200 (2ms, 11635B)
[2026-07-01T04:21:39.021Z] GET https://fonts.gstatic.com/s/instrumentsans/v4/pxiTypc9vsFDm051Uf6KVwgkfoSxQ0GsQv8ToedPibnr0SZe1ZuWi3g.woff2 → 200 (?ms, 29904B)
[2026-07-01T04:21:39.021Z] GET https://fonts.gstatic.com/s/fraunces/v38/6NU78FyLNQOQZAnv9bYEvDiIdE9Ea92uemAk_WBq8U_9v0c2Wa0KxC9TeP2Xz5c.woff2 → 200 (?ms, 67388B)
[2026-07-01T04:21:39.021Z] GET https://fonts.gstatic.com/s/spacemono/v17/i7dPIFZifjKcF5UAWdDRYEF8RXi4EwQ.woff2 → 200 (1ms, 9464B)
[2026-07-01T04:21:39.021Z] GET https://fonts.gstatic.com/s/spacemono/v17/i7dMIFZifjKcF5UAWdDRaPpZUFWaHi6WZ3Q.woff2 → 200 (1ms, 9552B)
[2026-07-01T04:21:39.021Z] GET https://fonts.gstatic.com/s/fraunces/v38/6NU58FyLNQOQZAnv9ZwNjucMHVn85Ni7emAe9lKqZTnbB-gzTK0K1ChjeveQ7ZXk8g.woff2 → 200 (1ms, 81704B)
[2026-07-01T04:23:10.072Z] GET file:///Users/alexryu/healing-with-zen/index.html → 200 (1ms, 70121B)
[2026-07-01T04:23:10.075Z] GET https://fonts.googleapis.com/css2?family=Fraunces:ital,opsz,wght@0,9..144,300..900;1,9..144,300..900&family=Instrument+Sans:wght@400;500;600&family=Space+Mono:wght@400;700&display=swap → 200 (3ms, 8248B)
[2026-07-01T04:23:10.075Z] GET https://cdnjs.cloudflare.com/ajax/libs/gsap/3.12.5/gsap.min.js → 200 (4ms, 72214B)
[2026-07-01T04:23:10.075Z] GET https://cdnjs.cloudflare.com/ajax/libs/gsap/3.12.5/ScrollTrigger.min.js → 200 (3ms, 43380B)
[2026-07-01T04:23:10.075Z] GET https://cdn.jsdelivr.net/npm/@studio-freight/lenis@1.0.42/dist/lenis.min.js → 200 (3ms, 11635B)
[2026-07-01T04:23:10.098Z] GET https://fonts.gstatic.com/s/instrumentsans/v4/pxiTypc9vsFDm051Uf6KVwgkfoSxQ0GsQv8ToedPibnr0SZe1ZuWi3g.woff2 → 200 (?ms, 29904B)
[2026-07-01T04:23:10.098Z] GET https://fonts.gstatic.com/s/fraunces/v38/6NU78FyLNQOQZAnv9bYEvDiIdE9Ea92uemAk_WBq8U_9v0c2Wa0KxC9TeP2Xz5c.woff2 → 200 (?ms, 67388B)
[2026-07-01T04:23:10.098Z] GET https://fonts.gstatic.com/s/spacemono/v17/i7dPIFZifjKcF5UAWdDRYEF8RXi4EwQ.woff2 → 200 (?ms, 9464B)
[2026-07-01T04:23:10.098Z] GET https://fonts.gstatic.com/s/spacemono/v17/i7dMIFZifjKcF5UAWdDRaPpZUFWaHi6WZ3Q.woff2 → 200 (?ms, 9552B)
[2026-07-01T04:23:10.098Z] GET https://fonts.gstatic.com/s/fraunces/v38/6NU58FyLNQOQZAnv9ZwNjucMHVn85Ni7emAe9lKqZTnbB-gzTK0K1ChjeveQ7ZXk8g.woff2 → 200 (?ms, 81704B)
